<?xml version="1.0" encoding="UTF-8"?>
<!-- Generated by org.testng.reporters.JUnitReportReporter -->
<testsuite skipped="0" hostname="WINDOWS-FMMJ92Q" name="com.imakogon.test.FirstTest" tests="1" failures="0" timestamp="02 Jul 2017 13:23:18 GMT" time="2.793" errors="0">
  <testcase name="testMethod" time="2.793" classname="com.imakogon.test.FirstTest"/>
</testsuite> <!-- com.imakogon.test.FirstTest -->
